<?xml version="1.0" encoding="UTF-8"?>
<!-- Generated by org.testng.reporters.JUnitXMLReporter -->
<testsuite ignored="0" hostname="DESKTOP-OP4US6A" failures="0" tests="3" name="Default test" time="7.016" errors="0" timestamp="2021-06-07T12:57:10 IST">
  <testcase classname="Base.BaseClass" name="firstTestCase" time="4.132"/>
  <testcase classname="Base.BaseClass" name="secondTestCase" time="0.177"/>
  <testcase classname="Base.BaseClass" name="ThirdTestCase" time="0.001"/>
</testsuite> <!-- Default test -->
